<?xml version="1.0" encoding="UTF-8"?>
<testng-results ignored="0" total="1" passed="1" failed="0" skipped="0">
  <reporter-output>
  </reporter-output>
  <suite started-at="2022-05-20T15:08:44 IST" name="Default suite" finished-at="2022-05-20T15:09:46 IST" duration-ms="62945">
    <groups>
    </groups>
    <test started-at="2022-05-20T15:08:44 IST" name="Default test" finished-at="2022-05-20T15:09:46 IST" duration-ms="62945">
      <class name="com.runner.MainClass">
        <test-method is-config="true" signature="start()[pri:0, instance:com.runner.MainClass@4efc180e]" started-at="2022-05-20T15:08:42 IST" name="start" finished-at="2022-05-20T15:08:44 IST" duration-ms="1090" status="PASS">
          <reporter-output>
          </reporter-output>
        </test-method> <!-- start -->
        <test-method is-config="true" signature="setup()[pri:0, instance:com.runner.MainClass@4efc180e]" started-at="2022-05-20T15:08:44 IST" name="setup" finished-at="2022-05-20T15:08:47 IST" duration-ms="3448" status="PASS">
          <reporter-output>
          </reporter-output>
        </test-method> <!-- setup -->
        <test-method signature="newOne()[pri:0, instance:com.runner.MainClass@4efc180e]" started-at="2022-05-20T15:08:47 IST" name="newOne" finished-at="2022-05-20T15:09:45 IST" duration-ms="57898" status="PASS">
          <reporter-output>
          </reporter-output>
        </test-method> <!-- newOne -->
        <test-method is-config="true" signature="ssMethod(org.testng.ITestResult)[pri:0, instance:com.runner.MainClass@4efc180e]" started-at="2022-05-20T15:09:45 IST" name="ssMethod" finished-at="2022-05-20T15:09:46 IST" duration-ms="1034" status="PASS">
          <params>
            <param index="0">
              <value>
                <![CDATA[[TestResult name=newOne status=SUCCESS method=MainClass.newOne()[pri:0, instance:com.runner.MainClass@4efc180e] output={null}]]]>
              </value>
            </param>
          </params>
          <reporter-output>
          </reporter-output>
        </test-method> <!-- ssMethod -->
        <test-method is-config="true" signature="close()[pri:0, instance:com.runner.MainClass@4efc180e]" started-at="2022-05-20T15:09:46 IST" name="close" finished-at="2022-05-20T15:09:46 IST" duration-ms="522" status="PASS">
          <reporter-output>
          </reporter-output>
        </test-method> <!-- close -->
      </class> <!-- com.runner.MainClass -->
    </test> <!-- Default test -->
  </suite> <!-- Default suite -->
</testng-results>
